[debug] [2021-04-04T22:50:57.891Z] ----------------------------------------------------------------------
[debug] [2021-04-04T22:50:57.893Z] Command:       /usr/local/bin/node /usr/local/bin/firebase emulators:start --only functions:submit
[debug] [2021-04-04T22:50:57.893Z] CLI Version:   9.8.0
[debug] [2021-04-04T22:50:57.893Z] Platform:      darwin
[debug] [2021-04-04T22:50:57.893Z] Node Version:  v12.18.2
[debug] [2021-04-04T22:50:57.894Z] Time:          Sun Apr 04 2021 15:50:57 GMT-0700 (Pacific Daylight Time)
[debug] [2021-04-04T22:50:57.894Z] ----------------------------------------------------------------------
[debug] 
[debug] [2021-04-04T22:50:57.900Z] > command requires scopes: ["email","openid","https://www.googleapis.com/auth/cloudplatformprojects.readonly","https://www.googleapis.com/auth/firebase","https://www.googleapis.com/auth/cloud-platform"]
[debug] [2021-04-04T22:50:57.900Z] > authorizing via signed-in user
[info] i  emulators: Starting emulators: functions {"metadata":{"emulator":{"name":"hub"},"message":"Starting emulators: functions"}}
[debug] [2021-04-04T22:50:57.914Z] [hub] writing locator at /var/folders/73/nxr5vzmj7rdflfml_gd0988r0000gn/T/hub-myportfolio-6f01c.json
[warn] ⚠  functions: The following emulators are not running, calls to these services from the Functions emulator will affect production: auth, firestore, database, hosting, pubsub {"metadata":{"emulator":{"name":"functions"},"message":"The following emulators are not running, calls to these services from the Functions emulator will affect production: \u001b[1mauth, firestore, database, hosting, pubsub\u001b[22m"}}
[info] ✔  functions: Using node@12 from host. {"metadata":{"emulator":{"name":"functions"},"message":"Using node@12 from host."}}
[debug] [2021-04-04T22:50:57.953Z] defaultcredentials: writing to file /Users/anzunk/.config/firebase/anzunakayama_gmail_com_application_default_credentials.json
[debug] [2021-04-04T22:50:57.955Z] Setting GAC to /Users/anzunk/.config/firebase/anzunakayama_gmail_com_application_default_credentials.json {"metadata":{"emulator":{"name":"functions"},"message":"Setting GAC to /Users/anzunk/.config/firebase/anzunakayama_gmail_com_application_default_credentials.json"}}
[debug] [2021-04-04T22:50:57.957Z] > refreshing access token with scopes: []
[debug] [2021-04-04T22:50:57.958Z] >>> HTTP REQUEST POST https://www.googleapis.com/oauth2/v3/token  
 <request body omitted>
[debug] [2021-04-04T22:50:58.039Z] <<< HTTP RESPONSE 200 {"cache-control":"no-cache, no-store, max-age=0, must-revalidate","pragma":"no-cache","date":"Sun, 04 Apr 2021 22:50:58 GMT","expires":"Mon, 01 Jan 1990 00:00:00 GMT","content-type":"application/json; charset=utf-8","vary":"X-Origin, Referer, Origin,Accept-Encoding","server":"scaffolding on HTTPServer2","x-xss-protection":"0","x-frame-options":"SAMEORIGIN","x-content-type-options":"nosniff","alt-svc":"h3-29=\":443\"; ma=2592000,h3-T051=\":443\"; ma=2592000,h3-Q050=\":443\"; ma=2592000,h3-Q046=\":443\"; ma=2592000,h3-Q043=\":443\"; ma=2592000,quic=\":443\"; ma=2592000; v=\"46,43\"","accept-ranges":"none","transfer-encoding":"chunked"}
[debug] [2021-04-04T22:50:58.060Z] >>> [apiv2][query] GET https://firebase.googleapis.com/v1beta1/projects/myportfolio-6f01c/adminSdkConfig [none]
[debug] [2021-04-04T22:50:58.233Z] <<< [apiv2][status] GET https://firebase.googleapis.com/v1beta1/projects/myportfolio-6f01c/adminSdkConfig 200
[debug] [2021-04-04T22:50:58.233Z] <<< [apiv2][body] GET https://firebase.googleapis.com/v1beta1/projects/myportfolio-6f01c/adminSdkConfig {"projectId":"myportfolio-6f01c","databaseURL":"https://myportfolio-6f01c.firebaseio.com","storageBucket":"myportfolio-6f01c.appspot.com","locationId":"us-central"}
[warn] ⚠  ui: Emulator UI unable to start on port 4000, starting on 4002 instead. {"metadata":{"emulator":{"name":"ui"},"message":"Emulator UI unable to start on port 4000, starting on 4002 instead."}}
[debug] [2021-04-04T22:50:58.275Z] Ignoring unsupported arg: auto_download {"metadata":{"emulator":{"name":"ui"},"message":"Ignoring unsupported arg: auto_download"}}
[debug] [2021-04-04T22:50:58.275Z] Ignoring unsupported arg: port {"metadata":{"emulator":{"name":"ui"},"message":"Ignoring unsupported arg: port"}}
[debug] [2021-04-04T22:50:58.275Z] Starting Emulator UI with command {"binary":"node","args":["/Users/anzunk/.cache/firebase/emulators/ui-v1.4.2/server.bundle.js"],"optionalArgs":[],"joinArgs":false} {"metadata":{"emulator":{"name":"ui"},"message":"Starting Emulator UI with command {\"binary\":\"node\",\"args\":[\"/Users/anzunk/.cache/firebase/emulators/ui-v1.4.2/server.bundle.js\"],\"optionalArgs\":[],\"joinArgs\":false}"}}
[info] i  ui: Emulator UI logging to ui-debug.log {"metadata":{"emulator":{"name":"ui"},"message":"Emulator UI logging to \u001b[1mui-debug.log\u001b[22m"}}
[debug] [2021-04-04T22:50:58.373Z] Web / API server started at http://localhost:4002
 {"metadata":{"emulator":{"name":"ui"},"message":"Web / API server started at http://localhost:4002\n"}}
[info] i  functions: Watching "/Users/anzunk/Documents/github/portfolio/functions" for Cloud Functions... {"metadata":{"emulator":{"name":"functions"},"message":"Watching \"/Users/anzunk/Documents/github/portfolio/functions\" for Cloud Functions..."}}
[debug] [2021-04-04T22:50:58.549Z] [worker-pool] addWorker(~diagnostic~) {"metadata":{"emulator":{"name":"functions"},"message":"[worker-pool] addWorker(~diagnostic~)"}}
[debug] [2021-04-04T22:50:58.549Z] [worker-pool] Adding worker with key ~diagnostic~, total=1 {"metadata":{"emulator":{"name":"functions"},"message":"[worker-pool] Adding worker with key ~diagnostic~, total=1"}}
[debug] [2021-04-04T22:50:58.549Z] [worker-pool] submitWork(triggerId=) {"metadata":{"emulator":{"name":"functions"},"message":"[worker-pool] submitWork(triggerId=)"}}
[debug] [2021-04-04T22:50:58.550Z] [worker-~diagnostic~-de0cff5c-b00f-45ab-b292-fac38b4abc52]: Assigning socketPath: /var/folders/73/nxr5vzmj7rdflfml_gd0988r0000gn/T/fire_emu_24024.sock {"metadata":{"emulator":{"name":"functions"},"message":"[worker-~diagnostic~-de0cff5c-b00f-45ab-b292-fac38b4abc52]: Assigning socketPath: /var/folders/73/nxr5vzmj7rdflfml_gd0988r0000gn/T/fire_emu_24024.sock"}}
[debug] [2021-04-04T22:50:58.550Z] [worker-~diagnostic~-de0cff5c-b00f-45ab-b292-fac38b4abc52]: BUSY {"metadata":{"emulator":{"name":"functions"},"message":"[worker-~diagnostic~-de0cff5c-b00f-45ab-b292-fac38b4abc52]: BUSY"}}
[debug] [2021-04-04T22:50:58.725Z] [runtime-status] [24024] Functions runtime initialized. {"cwd":"/Users/anzunk/Documents/github/portfolio/functions","node_version":"12.18.2"} {"metadata":{"emulator":{"name":"functions"},"message":"[runtime-status] [24024] Functions runtime initialized. {\"cwd\":\"/Users/anzunk/Documents/github/portfolio/functions\",\"node_version\":\"12.18.2\"}"}}
[debug] [2021-04-04T22:50:58.727Z] [runtime-status] [24024] Disabled runtime features: undefined {"metadata":{"emulator":{"name":"functions"},"message":"[runtime-status] [24024] Disabled runtime features: undefined"}}
[debug] [2021-04-04T22:50:58.736Z] [runtime-status] [24024] Resolved module firebase-admin {"declared":true,"installed":true,"version":"9.6.0","resolution":"/Users/anzunk/Documents/github/portfolio/functions/node_modules/firebase-admin/lib/index.js"} {"metadata":{"emulator":{"name":"functions"},"message":"[runtime-status] [24024] Resolved module firebase-admin {\"declared\":true,\"installed\":true,\"version\":\"9.6.0\",\"resolution\":\"/Users/anzunk/Documents/github/portfolio/functions/node_modules/firebase-admin/lib/index.js\"}"}}
[debug] [2021-04-04T22:50:58.739Z] [runtime-status] [24024] Resolved module firebase-functions {"declared":true,"installed":true,"version":"3.13.2","resolution":"/Users/anzunk/Documents/github/portfolio/functions/node_modules/firebase-functions/lib/index.js"} {"metadata":{"emulator":{"name":"functions"},"message":"[runtime-status] [24024] Resolved module firebase-functions {\"declared\":true,\"installed\":true,\"version\":\"3.13.2\",\"resolution\":\"/Users/anzunk/Documents/github/portfolio/functions/node_modules/firebase-functions/lib/index.js\"}"}}
[debug] [2021-04-04T22:50:58.740Z] [runtime-status] [24024] Found local functions config: /Users/anzunk/Documents/github/portfolio/functions/.runtimeconfig.json {"metadata":{"emulator":{"name":"functions"},"message":"[runtime-status] [24024] Found local functions config: /Users/anzunk/Documents/github/portfolio/functions/.runtimeconfig.json"}}
[debug] [2021-04-04T22:50:58.740Z] [runtime-status] [24024] Resolved module firebase-functions {"declared":true,"installed":true,"version":"3.13.2","resolution":"/Users/anzunk/Documents/github/portfolio/functions/node_modules/firebase-functions/lib/index.js"} {"metadata":{"emulator":{"name":"functions"},"message":"[runtime-status] [24024] Resolved module firebase-functions {\"declared\":true,\"installed\":true,\"version\":\"3.13.2\",\"resolution\":\"/Users/anzunk/Documents/github/portfolio/functions/node_modules/firebase-functions/lib/index.js\"}"}}
[debug] [2021-04-04T22:50:58.742Z] [runtime-status] [24024] Outgoing network have been stubbed. [{"name":"http","status":"mocked"},{"name":"http","status":"mocked"},{"name":"https","status":"mocked"},{"name":"https","status":"mocked"},{"name":"net","status":"mocked"}] {"metadata":{"emulator":{"name":"functions"},"message":"[runtime-status] [24024] Outgoing network have been stubbed. [{\"name\":\"http\",\"status\":\"mocked\"},{\"name\":\"http\",\"status\":\"mocked\"},{\"name\":\"https\",\"status\":\"mocked\"},{\"name\":\"https\",\"status\":\"mocked\"},{\"name\":\"net\",\"status\":\"mocked\"}]"}}
[debug] [2021-04-04T22:50:58.742Z] [runtime-status] [24024] Resolved module firebase-functions {"declared":true,"installed":true,"version":"3.13.2","resolution":"/Users/anzunk/Documents/github/portfolio/functions/node_modules/firebase-functions/lib/index.js"} {"metadata":{"emulator":{"name":"functions"},"message":"[runtime-status] [24024] Resolved module firebase-functions {\"declared\":true,\"installed\":true,\"version\":\"3.13.2\",\"resolution\":\"/Users/anzunk/Documents/github/portfolio/functions/node_modules/firebase-functions/lib/index.js\"}"}}
[debug] [2021-04-04T22:50:58.809Z] [runtime-status] [24024] Checked functions.config() {"config":{"someservice":{"key":"AIzaSyAdIRwD8kxojjl4N6L8WUQr8I0mTOgC4Ss"},"gmail":{"email":"anzunakayama@gmail.com","password":"Ab3039058"}}} {"metadata":{"emulator":{"name":"functions"},"message":"[runtime-status] [24024] Checked functions.config() {\"config\":{\"someservice\":{\"key\":\"AIzaSyAdIRwD8kxojjl4N6L8WUQr8I0mTOgC4Ss\"},\"gmail\":{\"email\":\"anzunakayama@gmail.com\",\"password\":\"Ab3039058\"}}}"}}
[debug] [2021-04-04T22:50:58.809Z] [runtime-status] [24024] firebase-functions has been stubbed. {"functionsResolution":{"declared":true,"installed":true,"version":"3.13.2","resolution":"/Users/anzunk/Documents/github/portfolio/functions/node_modules/firebase-functions/lib/index.js"}} {"metadata":{"emulator":{"name":"functions"},"message":"[runtime-status] [24024] firebase-functions has been stubbed. {\"functionsResolution\":{\"declared\":true,\"installed\":true,\"version\":\"3.13.2\",\"resolution\":\"/Users/anzunk/Documents/github/portfolio/functions/node_modules/firebase-functions/lib/index.js\"}}"}}
[debug] [2021-04-04T22:50:58.809Z] [runtime-status] [24024] Resolved module firebase-functions {"declared":true,"installed":true,"version":"3.13.2","resolution":"/Users/anzunk/Documents/github/portfolio/functions/node_modules/firebase-functions/lib/index.js"} {"metadata":{"emulator":{"name":"functions"},"message":"[runtime-status] [24024] Resolved module firebase-functions {\"declared\":true,\"installed\":true,\"version\":\"3.13.2\",\"resolution\":\"/Users/anzunk/Documents/github/portfolio/functions/node_modules/firebase-functions/lib/index.js\"}"}}
[debug] [2021-04-04T22:50:58.810Z] [runtime-status] [24024] Resolved module firebase-admin {"declared":true,"installed":true,"version":"9.6.0","resolution":"/Users/anzunk/Documents/github/portfolio/functions/node_modules/firebase-admin/lib/index.js"} {"metadata":{"emulator":{"name":"functions"},"message":"[runtime-status] [24024] Resolved module firebase-admin {\"declared\":true,\"installed\":true,\"version\":\"9.6.0\",\"resolution\":\"/Users/anzunk/Documents/github/portfolio/functions/node_modules/firebase-admin/lib/index.js\"}"}}
[debug] [2021-04-04T22:50:58.811Z] [runtime-status] [24024] Resolved module firebase-functions {"declared":true,"installed":true,"version":"3.13.2","resolution":"/Users/anzunk/Documents/github/portfolio/functions/node_modules/firebase-functions/lib/index.js"} {"metadata":{"emulator":{"name":"functions"},"message":"[runtime-status] [24024] Resolved module firebase-functions {\"declared\":true,\"installed\":true,\"version\":\"3.13.2\",\"resolution\":\"/Users/anzunk/Documents/github/portfolio/functions/node_modules/firebase-functions/lib/index.js\"}"}}
[debug] [2021-04-04T22:50:58.811Z] [runtime-status] [24024] firebase-admin has been stubbed. {"adminResolution":{"declared":true,"installed":true,"version":"9.6.0","resolution":"/Users/anzunk/Documents/github/portfolio/functions/node_modules/firebase-admin/lib/index.js"}} {"metadata":{"emulator":{"name":"functions"},"message":"[runtime-status] [24024] firebase-admin has been stubbed. {\"adminResolution\":{\"declared\":true,\"installed\":true,\"version\":\"9.6.0\",\"resolution\":\"/Users/anzunk/Documents/github/portfolio/functions/node_modules/firebase-admin/lib/index.js\"}}"}}
[info] ✔  functions[submit]: http function initialized (http://localhost:5001/myportfolio-6f01c/us-central1/submit). {"metadata":{"emulator":{"name":"functions"},"message":"\u001b[1mhttp\u001b[22m function initialized (http://localhost:5001/myportfolio-6f01c/us-central1/submit)."}}
[info] 
┌─────────────────────────────────────────────────────────────┐
│ ✔  All emulators ready! It is now safe to connect your app. │
│ i  View Emulator UI at http://localhost:4002                │
└─────────────────────────────────────────────────────────────┘

┌───────────┬────────────────┬─────────────────────────────────┐
│ Emulator  │ Host:Port      │ View in Emulator UI             │
├───────────┼────────────────┼─────────────────────────────────┤
│ Functions │ localhost:5001 │ http://localhost:4002/functions │
└───────────┴────────────────┴─────────────────────────────────┘
  Emulator Hub running at localhost:4400
  Other reserved ports: 4500

Issues? Report them at https://github.com/firebase/firebase-tools/issues and attach the *-debug.log files.
 
[debug] [2021-04-04T22:50:58.879Z] [worker-~diagnostic~-de0cff5c-b00f-45ab-b292-fac38b4abc52]: IDLE {"metadata":{"emulator":{"name":"functions"},"message":"[worker-~diagnostic~-de0cff5c-b00f-45ab-b292-fac38b4abc52]: IDLE"}}
[debug] [2021-04-04T22:51:52.071Z] [work-queue] {"queueLength":1,"workRunningCount":0}
[debug] [2021-04-04T22:51:52.072Z] [work-queue] {"queueLength":0,"workRunningCount":1}
[debug] [2021-04-04T22:51:52.072Z] Accepted request OPTIONS /myportfolio-6f01c/us-central1/submit --> submit
[debug] [2021-04-04T22:51:52.095Z] [worker-pool] addWorker(submit) {"metadata":{"emulator":{"name":"functions"},"message":"[worker-pool] addWorker(submit)"}}
[debug] [2021-04-04T22:51:52.096Z] [worker-pool] Adding worker with key submit, total=1 {"metadata":{"emulator":{"name":"functions"},"message":"[worker-pool] Adding worker with key submit, total=1"}}
[debug] [2021-04-04T22:51:52.096Z] [worker-pool] submitWork(triggerId=submit) {"metadata":{"emulator":{"name":"functions"},"message":"[worker-pool] submitWork(triggerId=submit)"}}
[debug] [2021-04-04T22:51:52.096Z] [worker-submit-8a7a1428-6b80-409e-8561-335bbd8dc366]: Assigning socketPath: /var/folders/73/nxr5vzmj7rdflfml_gd0988r0000gn/T/fire_emu_24042.sock {"metadata":{"emulator":{"name":"functions"},"message":"[worker-submit-8a7a1428-6b80-409e-8561-335bbd8dc366]: Assigning socketPath: /var/folders/73/nxr5vzmj7rdflfml_gd0988r0000gn/T/fire_emu_24042.sock"}}
[debug] [2021-04-04T22:51:52.096Z] [worker-submit-8a7a1428-6b80-409e-8561-335bbd8dc366]: BUSY {"metadata":{"emulator":{"name":"functions"},"message":"[worker-submit-8a7a1428-6b80-409e-8561-335bbd8dc366]: BUSY"}}
[debug] [2021-04-04T22:51:52.410Z] [runtime-status] [24042] Functions runtime initialized. {"cwd":"/Users/anzunk/Documents/github/portfolio/functions","node_version":"12.18.2"} {"metadata":{"emulator":{"name":"functions"},"function":{"name":"submit"},"message":"[runtime-status] [24042] Functions runtime initialized. {\"cwd\":\"/Users/anzunk/Documents/github/portfolio/functions\",\"node_version\":\"12.18.2\"}"}}
[debug] [2021-04-04T22:51:52.412Z] [runtime-status] [24042] Disabled runtime features: undefined {"metadata":{"emulator":{"name":"functions"},"function":{"name":"submit"},"message":"[runtime-status] [24042] Disabled runtime features: undefined"}}
[debug] [2021-04-04T22:51:52.415Z] [runtime-status] [24042] Resolved module firebase-admin {"declared":true,"installed":true,"version":"9.6.0","resolution":"/Users/anzunk/Documents/github/portfolio/functions/node_modules/firebase-admin/lib/index.js"} {"metadata":{"emulator":{"name":"functions"},"function":{"name":"submit"},"message":"[runtime-status] [24042] Resolved module firebase-admin {\"declared\":true,\"installed\":true,\"version\":\"9.6.0\",\"resolution\":\"/Users/anzunk/Documents/github/portfolio/functions/node_modules/firebase-admin/lib/index.js\"}"}}
[debug] [2021-04-04T22:51:52.417Z] [runtime-status] [24042] Resolved module firebase-functions {"declared":true,"installed":true,"version":"3.13.2","resolution":"/Users/anzunk/Documents/github/portfolio/functions/node_modules/firebase-functions/lib/index.js"} {"metadata":{"emulator":{"name":"functions"},"function":{"name":"submit"},"message":"[runtime-status] [24042] Resolved module firebase-functions {\"declared\":true,\"installed\":true,\"version\":\"3.13.2\",\"resolution\":\"/Users/anzunk/Documents/github/portfolio/functions/node_modules/firebase-functions/lib/index.js\"}"}}
[debug] [2021-04-04T22:51:52.418Z] [runtime-status] [24042] Found local functions config: /Users/anzunk/Documents/github/portfolio/functions/.runtimeconfig.json {"metadata":{"emulator":{"name":"functions"},"function":{"name":"submit"},"message":"[runtime-status] [24042] Found local functions config: /Users/anzunk/Documents/github/portfolio/functions/.runtimeconfig.json"}}
[debug] [2021-04-04T22:51:52.418Z] [runtime-status] [24042] Resolved module firebase-functions {"declared":true,"installed":true,"version":"3.13.2","resolution":"/Users/anzunk/Documents/github/portfolio/functions/node_modules/firebase-functions/lib/index.js"} {"metadata":{"emulator":{"name":"functions"},"function":{"name":"submit"},"message":"[runtime-status] [24042] Resolved module firebase-functions {\"declared\":true,\"installed\":true,\"version\":\"3.13.2\",\"resolution\":\"/Users/anzunk/Documents/github/portfolio/functions/node_modules/firebase-functions/lib/index.js\"}"}}
[debug] [2021-04-04T22:51:52.420Z] [runtime-status] [24042] Outgoing network have been stubbed. [{"name":"http","status":"mocked"},{"name":"http","status":"mocked"},{"name":"https","status":"mocked"},{"name":"https","status":"mocked"},{"name":"net","status":"mocked"}] {"metadata":{"emulator":{"name":"functions"},"function":{"name":"submit"},"message":"[runtime-status] [24042] Outgoing network have been stubbed. [{\"name\":\"http\",\"status\":\"mocked\"},{\"name\":\"http\",\"status\":\"mocked\"},{\"name\":\"https\",\"status\":\"mocked\"},{\"name\":\"https\",\"status\":\"mocked\"},{\"name\":\"net\",\"status\":\"mocked\"}]"}}
[debug] [2021-04-04T22:51:52.421Z] [runtime-status] [24042] Resolved module firebase-functions {"declared":true,"installed":true,"version":"3.13.2","resolution":"/Users/anzunk/Documents/github/portfolio/functions/node_modules/firebase-functions/lib/index.js"} {"metadata":{"emulator":{"name":"functions"},"function":{"name":"submit"},"message":"[runtime-status] [24042] Resolved module firebase-functions {\"declared\":true,\"installed\":true,\"version\":\"3.13.2\",\"resolution\":\"/Users/anzunk/Documents/github/portfolio/functions/node_modules/firebase-functions/lib/index.js\"}"}}
[debug] [2021-04-04T22:51:52.482Z] [runtime-status] [24042] Checked functions.config() {"config":{"someservice":{"key":"AIzaSyAdIRwD8kxojjl4N6L8WUQr8I0mTOgC4Ss"},"gmail":{"email":"anzunakayama@gmail.com","password":"Ab3039058"}}} {"metadata":{"emulator":{"name":"functions"},"function":{"name":"submit"},"message":"[runtime-status] [24042] Checked functions.config() {\"config\":{\"someservice\":{\"key\":\"AIzaSyAdIRwD8kxojjl4N6L8WUQr8I0mTOgC4Ss\"},\"gmail\":{\"email\":\"anzunakayama@gmail.com\",\"password\":\"Ab3039058\"}}}"}}
[debug] [2021-04-04T22:51:52.483Z] [runtime-status] [24042] firebase-functions has been stubbed. {"functionsResolution":{"declared":true,"installed":true,"version":"3.13.2","resolution":"/Users/anzunk/Documents/github/portfolio/functions/node_modules/firebase-functions/lib/index.js"}} {"metadata":{"emulator":{"name":"functions"},"function":{"name":"submit"},"message":"[runtime-status] [24042] firebase-functions has been stubbed. {\"functionsResolution\":{\"declared\":true,\"installed\":true,\"version\":\"3.13.2\",\"resolution\":\"/Users/anzunk/Documents/github/portfolio/functions/node_modules/firebase-functions/lib/index.js\"}}"}}
[debug] [2021-04-04T22:51:52.483Z] [runtime-status] [24042] Resolved module firebase-functions {"declared":true,"installed":true,"version":"3.13.2","resolution":"/Users/anzunk/Documents/github/portfolio/functions/node_modules/firebase-functions/lib/index.js"} {"metadata":{"emulator":{"name":"functions"},"function":{"name":"submit"},"message":"[runtime-status] [24042] Resolved module firebase-functions {\"declared\":true,\"installed\":true,\"version\":\"3.13.2\",\"resolution\":\"/Users/anzunk/Documents/github/portfolio/functions/node_modules/firebase-functions/lib/index.js\"}"}}
[debug] [2021-04-04T22:51:52.484Z] [runtime-status] [24042] Resolved module firebase-admin {"declared":true,"installed":true,"version":"9.6.0","resolution":"/Users/anzunk/Documents/github/portfolio/functions/node_modules/firebase-admin/lib/index.js"} {"metadata":{"emulator":{"name":"functions"},"function":{"name":"submit"},"message":"[runtime-status] [24042] Resolved module firebase-admin {\"declared\":true,\"installed\":true,\"version\":\"9.6.0\",\"resolution\":\"/Users/anzunk/Documents/github/portfolio/functions/node_modules/firebase-admin/lib/index.js\"}"}}
[debug] [2021-04-04T22:51:52.485Z] [runtime-status] [24042] Resolved module firebase-functions {"declared":true,"installed":true,"version":"3.13.2","resolution":"/Users/anzunk/Documents/github/portfolio/functions/node_modules/firebase-functions/lib/index.js"} {"metadata":{"emulator":{"name":"functions"},"function":{"name":"submit"},"message":"[runtime-status] [24042] Resolved module firebase-functions {\"declared\":true,\"installed\":true,\"version\":\"3.13.2\",\"resolution\":\"/Users/anzunk/Documents/github/portfolio/functions/node_modules/firebase-functions/lib/index.js\"}"}}
[debug] [2021-04-04T22:51:52.485Z] [runtime-status] [24042] firebase-admin has been stubbed. {"adminResolution":{"declared":true,"installed":true,"version":"9.6.0","resolution":"/Users/anzunk/Documents/github/portfolio/functions/node_modules/firebase-admin/lib/index.js"}} {"metadata":{"emulator":{"name":"functions"},"function":{"name":"submit"},"message":"[runtime-status] [24042] firebase-admin has been stubbed. {\"adminResolution\":{\"declared\":true,\"installed\":true,\"version\":\"9.6.0\",\"resolution\":\"/Users/anzunk/Documents/github/portfolio/functions/node_modules/firebase-admin/lib/index.js\"}}"}}
[debug] [2021-04-04T22:51:52.551Z] [runtime-status] [24042] Trigger "submit" has been found, beginning invocation! {"metadata":{"emulator":{"name":"functions"},"function":{"name":"submit"},"message":"[runtime-status] [24042] Trigger \"submit\" has been found, beginning invocation!"}}
[info] i  functions: Beginning execution of "submit" {"metadata":{"emulator":{"name":"functions"},"function":{"name":"submit"},"message":"Beginning execution of \"submit\""}}
[debug] [2021-04-04T22:51:52.552Z] [runtime-status] [24042] triggerDefinition {"httpsTrigger":{},"name":"submit","entryPoint":"submit"} {"metadata":{"emulator":{"name":"functions"},"function":{"name":"submit"},"message":"[runtime-status] [24042] triggerDefinition {\"httpsTrigger\":{},\"name\":\"submit\",\"entryPoint\":\"submit\"}"}}
[debug] [2021-04-04T22:51:52.552Z] [runtime-status] [24042] Running submit in mode HTTPS {"metadata":{"emulator":{"name":"functions"},"function":{"name":"submit"},"message":"[runtime-status] [24042] Running submit in mode HTTPS"}}
[debug] [2021-04-04T22:51:52.557Z] [runtime-status] [24042] Attempting to listen to socketPath: /var/folders/73/nxr5vzmj7rdflfml_gd0988r0000gn/T/fire_emu_24042.sock {"metadata":{"emulator":{"name":"functions"},"function":{"name":"submit"},"message":"[runtime-status] [24042] Attempting to listen to socketPath: /var/folders/73/nxr5vzmj7rdflfml_gd0988r0000gn/T/fire_emu_24042.sock"}}
[debug] [2021-04-04T22:51:52.560Z] [functions] Runtime ready! Sending request! {"metadata":{"emulator":{"name":"functions"},"message":"[functions] Runtime ready! Sending request!"}}
[debug] [2021-04-04T22:51:52.560Z] [functions] Got req.url=/myportfolio-6f01c/us-central1/submit, mapping to path=/ {"metadata":{"emulator":{"name":"functions"},"message":"[functions] Got req.url=/myportfolio-6f01c/us-central1/submit, mapping to path=/"}}
[debug] [2021-04-04T22:51:52.569Z] [runtime-status] [24042] Ephemeral server handling OPTIONS request {"metadata":{"emulator":{"name":"functions"},"function":{"name":"submit"},"message":"[runtime-status] [24042] Ephemeral server handling OPTIONS request"}}
[info] >  request type OPTIONS {"user":"request type OPTIONS","metadata":{"emulator":{"name":"functions"},"function":{"name":"submit"},"message":"\u001b[90m> \u001b[39m request type OPTIONS"}}
[info] >  New email sent to: anzunakayama@gmail.com {"user":"New email sent to: anzunakayama@gmail.com","metadata":{"emulator":{"name":"functions"},"function":{"name":"submit"},"message":"\u001b[90m> \u001b[39m New email sent to: anzunakayama@gmail.com"}}
[debug] [2021-04-04T22:51:54.019Z] [runtime-status] [24042] Ephemeral server survived. {"metadata":{"emulator":{"name":"functions"},"function":{"name":"submit"},"message":"[runtime-status] [24042] Ephemeral server survived."}}
[info] i  functions: Finished "submit" in ~1s {"metadata":{"emulator":{"name":"functions"},"function":{"name":"submit"},"message":"Finished \"submit\" in ~1s"}}
[debug] [2021-04-04T22:51:54.021Z] [worker-submit-8a7a1428-6b80-409e-8561-335bbd8dc366]: IDLE {"metadata":{"emulator":{"name":"functions"},"message":"[worker-submit-8a7a1428-6b80-409e-8561-335bbd8dc366]: IDLE"}}
[debug] [2021-04-04T22:51:54.022Z] [work-queue] {"queueLength":0,"workRunningCount":0}
[debug] [2021-04-04T22:51:54.023Z] [work-queue] {"queueLength":1,"workRunningCount":0}
[debug] [2021-04-04T22:51:54.026Z] [work-queue] {"queueLength":0,"workRunningCount":1}
[debug] [2021-04-04T22:51:54.026Z] Accepted request POST /myportfolio-6f01c/us-central1/submit --> submit
[debug] [2021-04-04T22:51:54.026Z] [worker-pool] submitWork(triggerId=submit) {"metadata":{"emulator":{"name":"functions"},"message":"[worker-pool] submitWork(triggerId=submit)"}}
[debug] [2021-04-04T22:51:54.026Z] [worker-submit-8a7a1428-6b80-409e-8561-335bbd8dc366]: Assigning socketPath: /var/folders/73/nxr5vzmj7rdflfml_gd0988r0000gn/T/fire_emu_24042.sock {"metadata":{"emulator":{"name":"functions"},"message":"[worker-submit-8a7a1428-6b80-409e-8561-335bbd8dc366]: Assigning socketPath: /var/folders/73/nxr5vzmj7rdflfml_gd0988r0000gn/T/fire_emu_24042.sock"}}
[debug] [2021-04-04T22:51:54.027Z] [worker-submit-8a7a1428-6b80-409e-8561-335bbd8dc366]: BUSY {"metadata":{"emulator":{"name":"functions"},"message":"[worker-submit-8a7a1428-6b80-409e-8561-335bbd8dc366]: BUSY"}}
[debug] [2021-04-04T22:51:54.032Z] [runtime-status] [24042] Trigger "submit" has been found, beginning invocation! {"metadata":{"emulator":{"name":"functions"},"function":{"name":"submit"},"message":"[runtime-status] [24042] Trigger \"submit\" has been found, beginning invocation!"}}
[info] i  functions: Beginning execution of "submit" {"metadata":{"emulator":{"name":"functions"},"function":{"name":"submit"},"message":"Beginning execution of \"submit\""}}
[debug] [2021-04-04T22:51:54.033Z] [runtime-status] [24042] triggerDefinition {"httpsTrigger":{},"name":"submit","entryPoint":"submit"} {"metadata":{"emulator":{"name":"functions"},"function":{"name":"submit"},"message":"[runtime-status] [24042] triggerDefinition {\"httpsTrigger\":{},\"name\":\"submit\",\"entryPoint\":\"submit\"}"}}
[debug] [2021-04-04T22:51:54.033Z] [runtime-status] [24042] Running submit in mode HTTPS {"metadata":{"emulator":{"name":"functions"},"function":{"name":"submit"},"message":"[runtime-status] [24042] Running submit in mode HTTPS"}}
[debug] [2021-04-04T22:51:54.033Z] [runtime-status] [24042] Attempting to listen to socketPath: /var/folders/73/nxr5vzmj7rdflfml_gd0988r0000gn/T/fire_emu_24042.sock {"metadata":{"emulator":{"name":"functions"},"function":{"name":"submit"},"message":"[runtime-status] [24042] Attempting to listen to socketPath: /var/folders/73/nxr5vzmj7rdflfml_gd0988r0000gn/T/fire_emu_24042.sock"}}
[debug] [2021-04-04T22:51:54.034Z] [functions] Runtime ready! Sending request! {"metadata":{"emulator":{"name":"functions"},"message":"[functions] Runtime ready! Sending request!"}}
[debug] [2021-04-04T22:51:54.034Z] [functions] Got req.url=/myportfolio-6f01c/us-central1/submit, mapping to path=/ {"metadata":{"emulator":{"name":"functions"},"message":"[functions] Got req.url=/myportfolio-6f01c/us-central1/submit, mapping to path=/"}}
[debug] [2021-04-04T22:51:54.054Z] [runtime-status] [24042] Ephemeral server handling POST request {"metadata":{"emulator":{"name":"functions"},"function":{"name":"submit"},"message":"[runtime-status] [24042] Ephemeral server handling POST request"}}
[info] >  request type POST {"user":"request type POST","metadata":{"emulator":{"name":"functions"},"function":{"name":"submit"},"message":"\u001b[90m> \u001b[39m request type POST"}}
[info] >  New email sent to: anzunakayama@gmail.com {"user":"New email sent to: anzunakayama@gmail.com","metadata":{"emulator":{"name":"functions"},"function":{"name":"submit"},"message":"\u001b[90m> \u001b[39m New email sent to: anzunakayama@gmail.com"}}
[debug] [2021-04-04T22:51:54.908Z] [runtime-status] [24042] Ephemeral server survived. {"metadata":{"emulator":{"name":"functions"},"function":{"name":"submit"},"message":"[runtime-status] [24042] Ephemeral server survived."}}
[info] i  functions: Finished "submit" in ~1s {"metadata":{"emulator":{"name":"functions"},"function":{"name":"submit"},"message":"Finished \"submit\" in ~1s"}}
[debug] [2021-04-04T22:51:54.911Z] [worker-submit-8a7a1428-6b80-409e-8561-335bbd8dc366]: IDLE {"metadata":{"emulator":{"name":"functions"},"message":"[worker-submit-8a7a1428-6b80-409e-8561-335bbd8dc366]: IDLE"}}
[debug] [2021-04-04T22:51:54.911Z] [work-queue] {"queueLength":0,"workRunningCount":0}
